#
# There is insufficient memory for the Java Runtime Environment to continue.
# Native memory allocation (malloc) failed to allocate 1048576 bytes for AllocateHeap
# Possible reasons:
#   The system is out of physical RAM or swap space
#   The process is running with CompressedOops enabled, and the Java Heap may be blocking the growth of the native heap
# Possible solutions:
#   Reduce memory load on the system
#   Increase physical memory or swap space
#   Check if swap backing store is full
#   Decrease Java heap size (-Xmx/-Xms)
#   Decrease number of Java threads
#   Decrease Java thread stack sizes (-Xss)
#   Set larger code cache with -XX:ReservedCodeCacheSize=
# This output file may be truncated or incomplete.
#
#  Out of Memory Error (src/hotspot/share/memory/allocation.cpp:46), pid=33696, tid=28024
#
# JRE version:  (11.0.15) (build )
# Java VM: OpenJDK 64-Bit Server VM (11.0.15+0-b2043.56-9505619, mixed mode, sharing, tiered, compressed oops, g1 gc, windows-amd64)
# No core dump will be written. Minidumps are not enabled by default on client versions of Windows
#

---------------  S U M M A R Y ------------

Command Line: org.jetbrains.kotlin.cli.jvm.K2JVMCompiler @C:\Users\Shane D\AndroidStudioProjects\FriendApp\app\build\20230330_5034843087355853532.compiler.options

Host: 11th Gen Intel(R) Core(TM) i7-11800H @ 2.30GHz, 16 cores, 15G,  Windows 10 , 64 bit Build 19041 (10.0.19041.2546)
Time: Thu Mar 30 11:47:20 2023 Eastern Daylight Time elapsed time: 0.020062 seconds (0d 0h 0m 0s)

---------------  T H R E A D  ---------------

Current thread (0x0000021dccce3000):  JavaThread "Unknown thread" [_thread_in_vm, id=28024, stack(0x000000b1d5700000,0x000000b1d5800000)]

Stack: [0x000000b1d5700000,0x000000b1d5800000]
Native frames: (J=compiled Java code, j=interpreted, Vv=VM code, C=native code)
V  [jvm.dll+0x64135a]
V  [jvm.dll+0x7d39f9]
V  [jvm.dll+0x7d51b9]
V  [jvm.dll+0x7d58a3]
V  [jvm.dll+0x2691c5]
V  [jvm.dll+0xb8874]
V  [jvm.dll+0x305f59]
V  [jvm.dll+0x2ffaed]
V  [jvm.dll+0x7accd7]
V  [jvm.dll+0x7ae49f]
V  [jvm.dll+0x37d299]
V  [jvm.dll+0x78ef9f]
V  [jvm.dll+0x3ec847]
V  [jvm.dll+0x3eed31]
C  [jli.dll+0x52cb]
C  [ucrtbase.dll+0x21bb2]
C  [KERNEL32.DLL+0x17614]
C  [ntdll.dll+0x526a1]


---------------  P R O C E S S  ---------------

Threads class SMR info:
_java_thread_list=0x0000021dcab04db0, length=0, elements={
}

Java Threads: ( => current thread )

Other Threads:
  0x0000021dcccfb800 GCTaskThread "GC Thread#0" [stack: 0x000000b1d5800000,0x000000b1d5900000] [id=24512]

[error occurred during error reporting (printing all threads), id 0xc0000005, EXCEPTION_ACCESS_VIOLATION (0xc0000005) at pc=0x00007ffbe572bf70]

VM state:not at safepoint (not fully initialized)

VM Mutex/Monitor currently owned by a thread:  ([mutex/lock_event])
[0x0000021dccce0260] Heap_lock - owner thread: 0x0000021dccce3000

Heap address: 0x0000000704a00000, size: 4022 MB, Compressed Oops mode: Non-zero based: 0x0000000704a00000
Narrow klass base: 0x0000000000000000, Narrow klass shift: 0

GC Heap History (0 events):
No events

Deoptimization events (0 events):
No events

Classes redefined (0 events):
No events

Internal exceptions (0 events):
No events

Events (1 events):
Event: 0.014 Loaded shared library C:\Program Files\Android\Android Studio1\jbr\bin\zip.dll


Dynamic libraries:
0x00007ff6e9860000 - 0x00007ff6e986a000 	C:\Program Files\Android\Android Studio1\jbr\bin\java.exe
0x00007ffca54b0000 - 0x00007ffca56a8000 	C:\Windows\SYSTEM32\ntdll.dll
0x00007ffca3e10000 - 0x00007ffca3ecf000 	C:\Windows\System32\KERNEL32.DLL
0x00007ffca3160000 - 0x00007ffca3432000 	C:\Windows\System32\KERNELBASE.dll
0x00007ffca2df0000 - 0x00007ffca2ef0000 	C:\Windows\System32\ucrtbase.dll
0x00007ffc86250000 - 0x00007ffc86267000 	C:\Program Files\Android\Android Studio1\jbr\bin\jli.dll
0x00007ffc85da0000 - 0x00007ffc85dbb000 	C:\Program Files\Android\Android Studio1\jbr\bin\VCRUNTIME140.dll
0x00007ffca3fa0000 - 0x00007ffca4141000 	C:\Windows\System32\USER32.dll
0x00007ffca34d0000 - 0x00007ffca34f2000 	C:\Windows\System32\win32u.dll
0x00007ffca3f70000 - 0x00007ffca3f9b000 	C:\Windows\System32\GDI32.dll
0x00007ffc8c680000 - 0x00007ffc8c91a000 	C:\Windows\WinSxS\amd64_microsoft.windows.common-controls_6595b64144ccf1df_6.0.19041.1110_none_60b5254171f9507e\COMCTL32.dll
0x00007ffca2cb0000 - 0x00007ffca2dbf000 	C:\Windows\System32\gdi32full.dll
0x00007ffca3ed0000 - 0x00007ffca3f6e000 	C:\Windows\System32\msvcrt.dll
0x00007ffca30c0000 - 0x00007ffca315d000 	C:\Windows\System32\msvcp_win.dll
0x00007ffca36b0000 - 0x00007ffca36e0000 	C:\Windows\System32\IMM32.DLL
0x00007ffc93090000 - 0x00007ffc9309c000 	C:\Program Files\Android\Android Studio1\jbr\bin\vcruntime140_1.dll
0x00007ffc53d80000 - 0x00007ffc53e0d000 	C:\Program Files\Android\Android Studio1\jbr\bin\msvcp140.dll
0x00007ffbe5420000 - 0x00007ffbe5fdc000 	C:\Program Files\Android\Android Studio1\jbr\bin\server\jvm.dll
0x00007ffca3810000 - 0x00007ffca38be000 	C:\Windows\System32\ADVAPI32.dll
0x00007ffca4c10000 - 0x00007ffca4cac000 	C:\Windows\System32\sechost.dll
0x00007ffca3b10000 - 0x00007ffca3c34000 	C:\Windows\System32\RPCRT4.dll
0x00007ffca4c00000 - 0x00007ffca4c08000 	C:\Windows\System32\PSAPI.DLL
0x00007ffc5b240000 - 0x00007ffc5b249000 	C:\Windows\SYSTEM32\WSOCK32.dll
0x00007ffc8aec0000 - 0x00007ffc8aee7000 	C:\Windows\SYSTEM32\WINMM.dll
0x00007ffc9a930000 - 0x00007ffc9a93a000 	C:\Windows\SYSTEM32\VERSION.dll
0x00007ffca3d90000 - 0x00007ffca3dfb000 	C:\Windows\System32\WS2_32.dll
0x00007ffca1770000 - 0x00007ffca1782000 	C:\Windows\SYSTEM32\kernel.appcore.dll
0x00007ffc9a000000 - 0x00007ffc9a010000 	C:\Program Files\Android\Android Studio1\jbr\bin\verify.dll
0x00007ffca1130000 - 0x00007ffca1314000 	C:\Windows\SYSTEM32\DBGHELP.DLL
0x00007ffc991e0000 - 0x00007ffc99215000 	C:\Windows\SYSTEM32\dbgcore.DLL
0x00007ffca3440000 - 0x00007ffca34c2000 	C:\Windows\System32\bcryptPrimitives.dll
0x00007ffc72f80000 - 0x00007ffc72fa8000 	C:\Program Files\Android\Android Studio1\jbr\bin\java.dll
0x00007ffc93040000 - 0x00007ffc9304a000 	C:\Program Files\Android\Android Studio1\jbr\bin\jimage.dll
0x00007ffc713d0000 - 0x00007ffc713e8000 	C:\Program Files\Android\Android Studio1\jbr\bin\zip.dll

dbghelp: loaded successfully - version: 4.0.5 - missing functions: none
symbol engine: initialized successfully - sym options: 0x614 - pdb path: .;C:\Program Files\Android\Android Studio1\jbr\bin;C:\Windows\SYSTEM32;C:\Windows\WinSxS\amd64_microsoft.windows.common-controls_6595b64144ccf1df_6.0.19041.1110_none_60b5254171f9507e;C:\Program Files\Android\Android Studio1\jbr\bin\server

VM Arguments:
java_command: org.jetbrains.kotlin.cli.jvm.K2JVMCompiler @C:\Users\Shane D\AndroidStudioProjects\FriendApp\app\build\20230330_5034843087355853532.compiler.options
java_class_path (initial): C:\Users\Shane D\.gradle\caches\modules-2\files-2.1\org.jetbrains.kotlin\kotlin-compiler-embeddable\1.8.0\eb9118d4bcceaa2a94b2ae2a33a4ddba7c9a947f\kotlin-compiler-embeddable-1.8.0.jar;C:\Users\Shane D\.gradle\caches\modules-2\files-2.1\org.jetbrains.kotlin\kotlin-stdlib\1.8.0\1796921c7a3e2e2665a83e6c8d33399336cd39bc\kotlin-stdlib-1.8.0.jar;C:\Users\Shane D\.gradle\caches\modules-2\files-2.1\org.jetbrains.kotlin\kotlin-script-runtime\1.8.0\b2f7e760d283cb339974851c222a4c1d48f2d3d\kotlin-script-runtime-1.8.0.jar;C:\Users\Shane D\.gradle\caches\modules-2\files-2.1\org.jetbrains.kotlin\kotlin-reflect\1.6.10\1cbe9c92c12a94eea200d23c2bbaedaf3daf5132\kotlin-reflect-1.6.10.jar;C:\Users\Shane D\.gradle\caches\modules-2\files-2.1\org.jetbrains.kotlin\kotlin-daemon-embeddable\1.8.0\d255216c551685dc3a7e852b53617f5f01aaaa5c\kotlin-daemon-embeddable-1.8.0.jar;C:\Users\Shane D\.gradle\caches\modules-2\files-2.1\org.jetbrains.intellij.deps\trove4j\1.0.20200330\3afb14d5f9ceb459d724e907a21145e8ff394f02\trove4j-1.0.20200330.jar;C:\Users\Shane D\.gradle\caches\modules-2\files-2.1\net.java.dev.jna\jna\5.6.0\330f2244e9030119ab3030fc3fededc86713d9cc\jna-5.6.0.jar;C:\Users\Shane D\.gradle\caches\modules-2\files-2.1\org.jetbrains.kotlin\kotlin-stdlib-common\1.8.0\f7197e7cc76453ac59f8b0f8d5137cc600becd36\kotlin-stdlib-common-1.8.0.jar;C:\Users\Shane D\.gradle\caches\modules-2\files-2.1\org.jetbrains\annotations\13.0\919f0dfe192fb4e063e7dacadee7f8bb9a2672a9\annotations-13.0.jar
Launcher Type: SUN_STANDARD

[Global flags]
     intx CICompilerCount                          = 12                                        {product} {ergonomic}
     uint ConcGCThreads                            = 3                                         {product} {ergonomic}
     uint G1ConcRefinementThreads                  = 13                                        {product} {ergonomic}
   size_t G1HeapRegionSize                         = 1048576                                   {product} {ergonomic}
    uintx GCDrainStackTargetSize                   = 64                                        {product} {ergonomic}
   size_t InitialHeapSize                          = 264241152                                 {product} {ergonomic}
   size_t MarkStackSize                            = 4194304                                   {product} {ergonomic}
   size_t MaxHeapSize                              = 4217372672                                {product} {ergonomic}
   size_t MinHeapDeltaBytes                        = 1048576                                   {product} {ergonomic}
    uintx NonNMethodCodeHeapSize                   = 7594288                                {pd product} {ergonomic}
    uintx NonProfiledCodeHeapSize                  = 122031976                              {pd product} {ergonomic}
    uintx ProfiledCodeHeapSize                     = 122031976                              {pd product} {ergonomic}
    uintx ReservedCodeCacheSize                    = 251658240                              {pd product} {ergonomic}
     bool SegmentedCodeCache                       = true                                      {product} {ergonomic}
     bool UseCompressedClassPointers               = true                                 {lp64_product} {ergonomic}
     bool UseCompressedOops                        = true                                 {lp64_product} {ergonomic}
     bool UseG1GC                                  = true                                      {product} {ergonomic}
     bool UseLargePagesIndividualAllocation        = false                                  {pd product} {ergonomic}

Logging:
Log output configuration:
 #0: stdout all=warning uptime,level,tags
 #1: stderr all=off uptime,level,tags

Environment Variables:
PATH=C:\Program Files\Common Files\Oracle\Java\javapath;C:\Python310\Scripts\;C:\Python310\;C:\Windows\system32;C:\Windows;C:\Windows\System32\Wbem;C:\Windows\System32\WindowsPowerShell\v1.0\;C:\Windows\System32\OpenSSH\;C:\Program Files (x86)\NVIDIA Corporation\PhysX\Common;C:\Program Files\nodejs\;C:\ProgramData\chocolatey\bin;C:\Program Files\Git\cmd;C:\Program Files\dotnet\;C:\Users\Shane D\AppData\Local\Microsoft\WindowsApps;C:\Users\Shane D\AppData\Roaming\npm;C:\ProgramData\Shane D\GitHubDesktop\bin;C:\Program Files\JetBrains\PyCharm Community Edition 2022.3\bin;;MinGW;C:\Users\Shane D\AppData\Local\Programs\Microsoft VS Code\bin;C:\Program Files\JetBrains\CLion 2022.3.2\bin;
USERNAME=Shane D
OS=Windows_NT
PROCESSOR_IDENTIFIER=Intel64 Family 6 Model 141 Stepping 1, GenuineIntel



---------------  S Y S T E M  ---------------

OS: Windows 10 , 64 bit Build 19041 (10.0.19041.2546)
OS uptime: 7 days 0:51 hours

CPU:total 16 (initial active 16) (8 cores per cpu, 2 threads per core) family 6 model 141 stepping 1 microcode 0x32, cmov, cx8, fxsr, mmx, sse, sse2, sse3, ssse3, sse4.1, sse4.2, popcnt, avx, avx2, aes, clmul, erms, 3dnowpref, lzcnt, ht, tsc, tscinvbit, bmi1, bmi2, adx, evex, sha, fma

Memory: 4k page, system-wide physical 16085M (435M free)
TotalPageFile size 65237M (AvailPageFile size 5M)
current process WorkingSet (physical memory assigned to process): 10M, peak: 10M
current process commit charge ("private bytes"): 68M, peak: 69M

vm_info: OpenJDK 64-Bit Server VM (11.0.15+0-b2043.56-9505619) for windows-amd64 JRE (11.0.15+0-b2043.56-9505619), built on Jan 19 2023 02:48:00 by "builduser" with unknown MS VC++:1929

END.
